<?xml version="1.0" encoding="UTF-8"?>
<testng-results total="1" passed="1" failed="0" skipped="0">
  <reporter-output>
  </reporter-output>
  <suite started-at="2018-12-18T20:51:34Z" name="Default suite" finished-at="2018-12-18T20:52:48Z" duration-ms="74082">
    <groups>
    </groups>
    <test started-at="2018-12-18T20:51:34Z" name="Default test" finished-at="2018-12-18T20:52:48Z" duration-ms="74082">
      <class name="org_testing_scripts_youtube.TC4">
        <test-method is-config="true" signature="beformethod()[pri:0, instance:org_testing_scripts_youtube.TC4@65d09a04]" started-at="2018-12-19T02:21:34Z" name="beformethod" finished-at="2018-12-19T02:21:54Z" duration-ms="20758" status="PASS">
          <reporter-output>
          </reporter-output>
        </test-method> <!-- beformethod -->
        <test-method signature="testcase1()[pri:0, instance:org_testing_scripts_youtube.TC4@65d09a04]" started-at="2018-12-19T02:21:54Z" name="testcase1" finished-at="2018-12-19T02:22:48Z" duration-ms="53293" status="PASS">
          <reporter-output>
          </reporter-output>
        </test-method> <!-- testcase1 -->
        <test-method is-config="true" signature="aftermethod()[pri:0, instance:org_testing_scripts_youtube.TC4@65d09a04]" started-at="2018-12-19T02:22:48Z" name="aftermethod" finished-at="2018-12-19T02:22:48Z" duration-ms="1" status="PASS">
          <reporter-output>
          </reporter-output>
        </test-method> <!-- aftermethod -->
      </class> <!-- org_testing_scripts_youtube.TC4 -->
    </test> <!-- Default test -->
  </suite> <!-- Default suite -->
</testng-results>
