<?xml version="1.0" encoding="UTF-8"?>
<testng-results total="1" passed="1" failed="0" skipped="0">
  <reporter-output>
  </reporter-output>
  <suite started-at="2018-12-16T05:26:36Z" name="Default suite" finished-at="2018-12-16T05:27:30Z" duration-ms="54011">
    <groups>
    </groups>
    <test started-at="2018-12-16T05:26:36Z" name="Default test" finished-at="2018-12-16T05:27:30Z" duration-ms="54011">
      <class name="org_testing_scripts_youtube.TC1">
        <test-method is-config="true" signature="beformethod()[pri:0, instance:org_testing_scripts_youtube.TC1@65d09a04]" started-at="2018-12-16T10:56:36Z" name="beformethod" finished-at="2018-12-16T10:56:53Z" duration-ms="17598" status="PASS">
          <reporter-output>
          </reporter-output>
        </test-method> <!-- beformethod -->
        <test-method signature="testcase1()[pri:0, instance:org_testing_scripts_youtube.TC1@65d09a04]" started-at="2018-12-16T10:56:53Z" name="testcase1" finished-at="2018-12-16T10:57:30Z" duration-ms="36383" status="PASS">
          <reporter-output>
          </reporter-output>
        </test-method> <!-- testcase1 -->
        <test-method is-config="true" signature="aftermethod()[pri:0, instance:org_testing_scripts_youtube.TC1@65d09a04]" started-at="2018-12-16T10:57:30Z" name="aftermethod" finished-at="2018-12-16T10:57:30Z" duration-ms="1" status="PASS">
          <reporter-output>
          </reporter-output>
        </test-method> <!-- aftermethod -->
      </class> <!-- org_testing_scripts_youtube.TC1 -->
    </test> <!-- Default test -->
  </suite> <!-- Default suite -->
</testng-results>
